Arguments: 
  /Users/jh/.volta/tools/image/node/16.17.0/bin/node /Users/jh/.volta/tools/image/yarn/1.22.19/bin/yarn.js

PATH: 
  /Users/jh/.volta/tools/image/yarn/1.22.19/bin:/Users/jh/.volta/tools/image/node/16.17.0/bin:/Users/jh/.volta/bin:/Users/jh/bin:/usr/local/bin:/Users/jh/misc/solana/bin:/opt/homebrew/bin:/opt/homebrew/sbin:/usr/local/bin:/usr/bin:/bin:/usr/sbin:/sbin:/Users/jh/.cargo/bin:/usr/local/opt:/Users/jh/.foundry/bin

Yarn version: 
  1.22.19

Node version: 
  16.17.0

Platform: 
  darwin arm64

Trace: 
  Error: ENOENT: no such file or directory, lstat '/Users/jh/work/wormhole/relayer-engine/relayer-plugin-interface/node_modules/.package-lock.json'

npm manifest: 
  {
    "name": "relayer",
    "version": "0.1.0",
    "description": "Relayer engine app",
    "scripts": {
      "build": "tsc",
      "typecheck": "tsc --noEmit --skipLibCheck",
      "spy_relay": "node lib/main.js",
      "localhost": "ENV_TYPE=LOCALHOST MODE=both ts-node src/main.ts",
      "localhost_listener": "ENV_TYPE=LOCALHOST MODE=listener ts-node src/main.ts",
      "localhost_executor": "ENV_TYPE=LOCALHOST MODE=executor ts-node src/main.ts",
      "devnet": "ENV_TYPE=DEVNET MODE=both ts-node src/main.ts",
      "devnet_listener": "ENV_TYPE=DEVNET MODE=listener ts-node src/main.ts",
      "devnet_executor": "ENV_TYPE=DEVNET MODE=executor ts-node src/main.ts",
      "tilt_listener": "ENV_TYPE=tilt MODE=listener ts-node src/main.ts",
      "tilt_executor": "ENV_TYPE=tilt MODE=executor ts-node src/main.ts",
      "test": "jest --config jestconfig.json --verbose"
    },
    "author": "Joe Howarth",
    "license": "Apache-2.0",
    "devDependencies": {
      "@improbable-eng/grpc-web-node-http-transport": "^0.15.0",
      "@types/config": "^3.3.0",
      "@types/jest": "^27.0.2",
      "@types/js-yaml": "^4.0.5",
      "@types/long": "^4.0.1",
      "@types/node": "^16.11.56",
      "axios": "^0.24.0",
      "esm": "^3.2.25",
      "jest": "^27.3.1",
      "prettier": "^2.3.2",
      "ts-jest": "^27.0.7",
      "ts-node": "^10.9.1",
      "tslint": "^6.1.3",
      "tslint-config-prettier": "^1.18.0",
      "typescript": "^4.3.5"
    },
    "dependencies": {
      "@celo-tools/celo-ethers-wrapper": "^0.1.0",
      "@certusone/wormhole-sdk": "^0.6.1",
      "@certusone/wormhole-spydk": "^0.0.1",
      "@datastructures-js/queue": "^4.2.3",
      "@solana/spl-token": "^0.1.8",
      "@solana/web3.js": "^1.24.0",
      "@terra-money/wallet-provider": "^3.8.0",
      "@types/express": "^4.17.13",
      "async-mutex": "^0.3.2",
      "body-parser": "^1.19.0",
      "cors": "^2.8.5",
      "dotenv": "^10.0.0",
      "dummy_plugin": "file:../plugins/dummy_plugin",
      "ethers": "^5.7.0",
      "express": "^4.17.1",
      "js-yaml": "^4.1.0",
      "relayer-plugin-interface": "file:../relayer-plugin-interface",
      "prom-client": "^14.0.1",
      "redis": "^4.0.1",
      "winston": "3.8.2"
    }
  }

yarn manifest: 
  No manifest

Lockfile: 
  No lockfile
